TN:
SF:app.js
FNF:0
FNH:0
DA:1,1
DA:2,1
DA:3,1
DA:4,1
DA:5,1
DA:6,1
DA:7,1
DA:8,1
DA:9,1
DA:10,1
DA:11,1
DA:12,1
DA:13,1
DA:14,1
DA:15,1
DA:16,1
DA:17,1
DA:18,1
DA:19,1
DA:20,1
DA:21,1
DA:22,1
DA:23,1
DA:24,1
DA:25,1
DA:26,1
DA:27,1
DA:28,1
DA:29,1
DA:30,1
DA:31,1
DA:32,1
DA:33,1
DA:34,1
DA:35,1
DA:36,1
LF:36
LH:36
BRF:0
BRH:0
end_of_record
TN:
SF:routes/auth0.js
FNF:0
FNH:0
DA:1,1
DA:2,1
DA:3,1
DA:4,1
DA:5,1
DA:6,1
DA:7,1
DA:8,1
DA:9,1
DA:10,1
DA:11,1
DA:12,1
DA:13,2
DA:14,2
DA:15,2
DA:16,2
DA:17,0
DA:18,0
DA:19,0
DA:20,2
DA:21,2
DA:22,2
DA:23,2
DA:24,2
DA:25,2
DA:26,2
DA:27,2
DA:28,2
DA:29,2
DA:30,2
DA:31,2
DA:32,2
DA:33,2
DA:34,2
DA:35,2
DA:36,2
DA:37,2
DA:38,2
DA:39,2
DA:40,2
DA:41,2
DA:42,2
DA:43,2
DA:44,2
DA:45,2
DA:46,2
DA:47,2
DA:48,2
DA:49,2
DA:50,2
DA:51,0
DA:52,0
DA:53,1
DA:54,1
DA:55,1
LF:55
LH:50
BRDA:12,0,0,2
BRDA:16,1,0,0
BRDA:22,2,0,0
BRDA:50,3,0,0
BRF:4
BRH:1
end_of_record
TN:
SF:routes/index.js
FNF:0
FNH:0
DA:1,1
DA:2,1
DA:3,1
DA:4,1
DA:5,1
DA:6,2
DA:7,1
DA:8,1
DA:9,1
LF:9
LH:9
BRDA:5,0,0,2
BRF:1
BRH:1
end_of_record
TN:
SF:routes/playlist.js
FNF:0
FNH:0
DA:1,1
DA:2,1
DA:3,1
DA:4,1
DA:5,1
DA:6,1
DA:7,1
DA:8,1
DA:9,1
DA:10,1
DA:11,1
DA:12,1
DA:13,1
DA:14,1
DA:15,1
DA:16,1
DA:17,1
DA:18,1
DA:19,1
DA:20,1
DA:21,1
DA:22,1
DA:23,1
DA:24,1
DA:25,2
DA:26,2
DA:27,2
DA:28,2
DA:29,1
DA:30,1
DA:31,1
DA:32,1
DA:33,1
LF:33
LH:33
BRDA:8,0,0,1
BRDA:12,1,0,1
BRDA:24,2,0,2
BRF:3
BRH:3
end_of_record
TN:
SF:routes/songs.js
FNF:0
FNH:0
DA:1,1
DA:2,1
DA:3,1
DA:4,1
DA:5,1
DA:6,1
DA:7,1
DA:8,1
DA:9,1
DA:10,1
DA:11,1
DA:12,1
DA:13,1
DA:14,1
DA:15,1
DA:16,1
DA:17,1
DA:18,1
DA:19,1
DA:20,1
DA:21,1
DA:22,1
DA:23,1
DA:24,1
DA:25,1
DA:26,1
DA:27,1
DA:28,1
DA:29,1
DA:30,1
DA:31,1
DA:32,1
DA:33,0
DA:34,0
DA:35,0
DA:36,0
DA:37,0
DA:38,0
DA:39,0
DA:40,0
DA:41,1
DA:42,1
DA:43,1
DA:44,2
DA:45,2
DA:46,2
DA:47,2
DA:48,2
DA:49,2
DA:50,2
DA:51,2
DA:52,2
DA:53,2
DA:54,2
DA:55,0
DA:56,0
DA:57,0
DA:58,0
DA:59,0
DA:60,2
DA:61,2
DA:62,2
DA:63,0
DA:64,0
DA:65,0
DA:66,1
DA:67,1
DA:68,1
LF:68
LH:52
BRDA:12,0,0,1
BRDA:19,1,0,1
BRDA:43,2,0,2
BRDA:62,3,0,0
BRF:4
BRH:3
end_of_record
TN:
SF:routes/users.js
FNF:0
FNH:0
DA:1,1
DA:2,1
DA:3,1
DA:4,1
DA:5,1
DA:6,1
DA:7,0
DA:8,1
DA:9,1
DA:10,1
DA:11,0
DA:12,0
DA:13,0
DA:14,1
DA:15,1
DA:16,1
DA:17,0
DA:18,0
DA:19,0
DA:20,1
DA:21,1
DA:22,1
LF:22
LH:15
BRF:0
BRH:0
end_of_record
TN:
SF:src/utils.js
FN:39,songListObjectAddSong
FN:62,playlistGetByID
FN:68,playlistCreate
FN:85,songListObjectCreate
FN:93,spotifyPlaylistCreate
FN:97,songListObjectGetByID
FN:105,songObjectCheckFieldUpdates
FN:121,_userAdd
FN:125,usersGet
FN:131,resetData
FN:157,UserGetBySessionID
FNF:11
FNH:10
FNDA:3,songListObjectAddSong
FNDA:11,playlistGetByID
FNDA:4,playlistCreate
FNDA:3,songListObjectCreate
FNDA:3,spotifyPlaylistCreate
FNDA:7,songListObjectGetByID
FNDA:4,songObjectCheckFieldUpdates
FNDA:2,_userAdd
FNDA:0,usersGet
FNDA:1,resetData
FNDA:2,UserGetBySessionID
DA:1,1
DA:2,1
DA:3,1
DA:4,1
DA:5,1
DA:6,1
DA:7,1
DA:8,1
DA:9,1
DA:10,1
DA:11,1
DA:12,1
DA:13,1
DA:14,1
DA:15,1
DA:16,1
DA:17,1
DA:18,1
DA:19,1
DA:20,1
DA:21,1
DA:22,1
DA:23,1
DA:24,1
DA:25,1
DA:26,1
DA:27,1
DA:28,1
DA:29,1
DA:30,1
DA:31,1
DA:32,1
DA:33,1
DA:34,1
DA:35,1
DA:36,1
DA:37,1
DA:38,1
DA:39,1
DA:40,3
DA:41,3
DA:42,3
DA:43,3
DA:44,3
DA:45,3
DA:46,3
DA:47,3
DA:48,3
DA:49,2
DA:50,2
DA:51,2
DA:52,2
DA:53,2
DA:54,2
DA:55,2
DA:56,2
DA:57,2
DA:58,2
DA:59,2
DA:60,2
DA:61,1
DA:62,1
DA:63,11
DA:64,11
DA:65,8
DA:66,8
DA:67,1
DA:68,1
DA:69,4
DA:70,4
DA:71,4
DA:72,4
DA:73,3
DA:74,3
DA:75,3
DA:76,3
DA:77,3
DA:78,3
DA:79,3
DA:80,3
DA:81,3
DA:82,3
DA:83,3
DA:84,1
DA:85,1
DA:86,3
DA:87,3
DA:88,3
DA:89,3
DA:90,3
DA:91,3
DA:92,1
DA:93,1
DA:94,3
DA:95,3
DA:96,1
DA:97,1
DA:98,7
DA:99,7
DA:100,5
DA:101,5
DA:102,1
DA:103,1
DA:104,1
DA:105,1
DA:106,4
DA:107,4
DA:108,5
DA:109,4
DA:110,4
DA:111,4
DA:112,3
DA:113,3
DA:114,3
DA:115,3
DA:116,3
DA:117,1
DA:118,1
DA:119,1
DA:120,1
DA:121,1
DA:122,2
DA:123,2
DA:124,1
DA:125,1
DA:126,0
DA:127,0
DA:128,0
DA:129,0
DA:130,1
DA:131,1
DA:132,1
DA:133,1
DA:134,1
DA:135,1
DA:136,1
DA:137,1
DA:138,1
DA:139,1
DA:140,1
DA:141,1
DA:142,1
DA:143,1
DA:144,1
DA:145,1
DA:146,1
DA:147,1
DA:148,1
DA:149,1
DA:150,1
DA:151,1
DA:152,1
DA:153,1
DA:154,1
DA:155,1
DA:156,1
DA:157,1
DA:158,2
DA:159,2
DA:160,2
DA:161,1
DA:162,1
DA:163,1
DA:164,1
DA:165,1
DA:166,1
DA:167,1
DA:168,1
DA:169,1
DA:170,1
DA:171,1
DA:172,1
DA:173,1
DA:174,1
DA:175,1
DA:176,1
LF:176
LH:172
BRDA:39,0,0,3
BRDA:48,1,0,2
BRDA:48,2,0,1
BRDA:47,3,0,1
BRDA:62,4,0,11
BRDA:64,5,0,3
BRDA:64,6,0,8
BRDA:63,7,0,20
BRDA:68,8,0,4
BRDA:70,9,0,0
BRDA:72,10,0,1
BRDA:72,11,0,3
BRDA:71,12,0,5
BRDA:85,13,0,3
BRDA:93,14,0,3
BRDA:97,15,0,7
BRDA:99,16,0,2
BRDA:99,17,0,5
BRDA:98,18,0,14
BRDA:105,19,0,4
BRDA:111,20,0,3
BRDA:116,21,0,1
BRDA:107,22,0,5
BRDA:121,23,0,2
BRDA:131,24,0,1
BRDA:157,25,0,2
BRDA:158,26,0,3
BRF:27
BRH:26
end_of_record
TN:
SF:src/Auth0/Auth0Manager.js
FN:3,<static_initializer>
FN:6,Auth0Manager
FN:11,initialise
FN:34,get auth0AccessToken
FNF:4
FNH:4
FNDA:9,<static_initializer>
FNDA:6,Auth0Manager
FNDA:3,initialise
FNDA:7,get auth0AccessToken
DA:1,1
DA:2,1
DA:3,1
DA:4,9
DA:5,9
DA:6,9
DA:7,6
DA:8,6
DA:9,6
DA:10,9
DA:11,9
DA:12,3
DA:13,1
DA:14,1
DA:15,1
DA:16,1
DA:17,1
DA:18,1
DA:19,1
DA:20,1
DA:21,1
DA:22,1
DA:23,1
DA:24,1
DA:25,1
DA:26,1
DA:27,1
DA:28,3
DA:29,0
DA:30,0
DA:31,0
DA:32,3
DA:33,9
DA:34,9
DA:35,7
DA:36,7
DA:37,9
DA:38,1
DA:39,1
LF:39
LH:36
BRDA:3,0,0,9
BRDA:6,1,0,6
BRDA:7,2,0,1
BRDA:11,3,0,3
BRDA:12,4,0,2
BRDA:12,5,0,1
BRDA:28,6,0,0
BRDA:34,7,0,7
BRF:8
BRH:7
end_of_record
TN:
SF:src/Auth0/Auth0UserProfile.js
FN:3,<instance_members_initializer>
FN:6,Auth0UserProfile
FN:19,FetchUserProfile
FNF:3
FNH:3
FNDA:3,<instance_members_initializer>
FNDA:3,Auth0UserProfile
FNDA:3,FetchUserProfile
DA:1,1
DA:2,1
DA:3,1
DA:4,3
DA:5,3
DA:6,3
DA:7,3
DA:8,0
DA:9,0
DA:10,0
DA:11,3
DA:12,3
DA:13,3
DA:14,3
DA:15,3
DA:16,3
DA:17,3
DA:18,3
DA:19,3
DA:20,3
DA:21,3
DA:22,3
DA:23,3
DA:24,3
DA:25,3
DA:26,3
DA:27,3
DA:28,3
DA:29,3
DA:30,3
DA:31,3
DA:32,3
DA:33,3
DA:34,3
DA:35,3
DA:36,3
DA:37,0
DA:38,0
DA:39,3
DA:40,3
DA:41,1
DA:42,1
LF:42
LH:37
BRDA:3,0,0,3
BRDA:6,1,0,3
BRDA:7,2,0,0
BRDA:15,3,0,0
BRDA:19,4,0,3
BRDA:36,5,0,0
BRF:6
BRH:3
end_of_record
TN:
SF:src/errors/AppError.js
FN:2,AppError
FN:8,errorHandler
FNF:2
FNH:2
FNDA:12,AppError
FNDA:5,errorHandler
DA:1,1
DA:2,1
DA:3,12
DA:4,12
DA:5,12
DA:6,12
DA:7,1
DA:8,5
DA:9,5
DA:10,5
DA:11,5
DA:12,1
DA:13,1
LF:13
LH:13
BRDA:2,0,0,12
BRDA:8,1,0,5
BRF:2
BRH:2
end_of_record
